--------------------------------------------------------------------------------
20140803131031>>clearing the log
20140803131033<<log
20140803131033>>opening the log
20140803131043<<close
--------------------------------------------------------------------------------
20140803131549>>Welcome back Zack!
20140803131553<<time
20140803131553>>it is currently 1:15 PM
20140803131555<<date
20140803131556>>today is August 3, 2014
20140803131559<<settings
20140803131606<<show me settings
20140803131606>>:::SETTINGS:::
                METRICS:
                  Loops Per Second: 20
                  Minimum Match Score: 0.65
                CLOCK:
                  Military Time: 0
                  Universal Time: 0
                  Show Seconds: 0
                  Microsecond Accuracy: 0
--------------------------------------------------------------------------------
20140803131633>>Welcome back Zack!
20140803131635<<time
20140803131635>>it is currently 1:16 PM
--------------------------------------------------------------------------------
20140803131841>>Welcome back Zack!
20140803131844<<time
20140803131844>>it is currently 1:18 PM
20140803131847<<date
20140803131847>>today is August 3, 2014
--------------------------------------------------------------------------------
20140803131911>>Welcome back Zack!
20140803131914<<time
20140803131914>>it is currently 1:19 PM
20140803131916<<date
20140803131917>>today is August 3, 2014
20140803131922<<date
20140803131923>>today is August 3, 2014
20140803131938<<close
--------------------------------------------------------------------------------
--------------------------------------------------------------------------------
--------------------------------------------------------------------------------
--------------------------------------------------------------------------------
--------------------------------------------------------------------------------
--------------------------------------------------------------------------------
--------------------------------------------------------------------------------
--------------------------------------------------------------------------------
--------------------------------------------------------------------------------
>>Welcome back Zack!
<<time
--------------------------------------------------------------------------------
--------------------------------------------------------------------------------
--------------------------------------------------------------------------------
--------------------------------------------------------------------------------
--------------------------------------------------------------------------------
>>Welcome back Zack!
<<time
--------------------------------------------------------------------------------
--------------------------------------------------------------------------------
>>Welcome back Zack!
<<time
>>it is currently 3:07 AM
<<print settings
>>settings reset to default
<<show settings
>>::SETTINGS::
                  METRICS:
                    LOOP_SPEED: 20
                    MINIMUM_MATCH_SCORE: 0.65
                ::MODULES::
                  CORE:
                    UNIVERSAL: 0
                    MILITARY: 0
                    SECONDS: 0
                    ACCURACY: 0
                ::INPUTS::
                ::OUTPUTS::
<<close
--------------------------------------------------------------------------------
--------------------------------------------------------------------------------
--------------------------------------------------------------------------------
>>Welcome back Zack!
<<time
>>it is currently 3:40 AM
<<show settings
>>::SETTINGS::
                  METRICS:
                    LOOP_SPEED: 20
                    MINIMUM_MATCH_SCORE: 0.65
                ::MODULES::
                  CORE:
                    UNIVERSAL: 0
                    MILITARY: 0
                    SECONDS: 0
                    ACCURACY: 0
                ::INPUTS::
                ::OUTPUTS::
<<close
--------------------------------------------------------------------------------
20140813034333>>Welcome back Zack!
20140813034340<<show settings
20140813034340>>::SETTINGS::
                  METRICS:
                    LOOP_SPEED: 20
                    MINIMUM_MATCH_SCORE: 0.65
                ::MODULES::
                  CORE:
                    UNIVERSAL: 0
                    MILITARY: 0
                    SECONDS: 0
                    ACCURACY: 0
                  TIME:
                    UNIVERSAL: 0
                    MILITARY: 0
                    SECONDS: 0
                    ACCURACY: 0
                ::INPUTS::
                ::OUTPUTS::
20140813034353<<close
--------------------------------------------------------------------------------
20140813035401>>Welcome back Zack!
--------------------------------------------------------------------------------
20140820151326>>Welcome back Zack!
20140820151353<<show settings
20140820151353>>::SETTINGS::
                  METRICS:
                    LOOP_SPEED: 20
                    MINIMUM_MATCH_SCORE: 0.65
                ::MODULES::
                  TIME:
                    UNIVERSAL: 0
                    MILITARY: 0
                    SECONDS: 0
                    ACCURACY: 0
                ::INPUTS::
                ::OUTPUTS::
20140820151402<<close
--------------------------------------------------------------------------------
20140820151655>>Welcome back Zack!
20140820151700<<show settings
20140820151701>>::SETTINGS::
                  METRICS:
                    LOOP_SPEED: 20
                    MINIMUM_MATCH_SCORE: 0.65
                ::MODULES::
                  TIME:
                    UNIVERSAL: 0
                    MILITARY: 0
                    SECONDS: 0
                    ACCURACY: 0
                ::INPUTS::
                ::OUTPUTS::
20140820151707<<close
--------------------------------------------------------------------------------
20140820151922>>Welcome back Zack!
20140820151924<<time
20140820151924>>it is currently 3:19 PM
20140820151927<<close
--------------------------------------------------------------------------------
20140820152007>>Welcome back Zack!
20140820152010<<time
20140820152010>>it is currently 3:20 PM
20140820152011<<close
--------------------------------------------------------------------------------
--------------------------------------------------------------------------------
20140820152517>>Welcome back Zack!
20140820152539<<time
20140820152539>>it is currently 3:25 PM
20140820152542<<close
--------------------------------------------------------------------------------
20140820152610>>Welcome back Zack!
20140820152612<<time
20140820152612>>it is currently 3:26 PM
20140820152617<<cls
20140820152621<<settings
20140820152621>>::SETTINGS::
                  METRICS:
                    LOOP_SPEED: 20
                    MINIMUM_MATCH_SCORE: 0.65
                ::MODULES::
                  TIME:
                    UNIVERSAL: 0
                    MILITARY: 0
                    SECONDS: 0
                    ACCURACY: 0
                ::INPUTS::
                ::OUTPUTS::
20140820152624<<cls
20140820152625<<cls
20140820152632<<cls
20140820152639<<cls
20140820152640<<cls
20140820152641<<cls
20140820152642<<cls
20140820152643<<cls
20140820152644<<cls
20140820152645<<cls
20140820152646<<cls
20140820152647<<cls
20140820152651<<settings
20140820152651>>::SETTINGS::
                  METRICS:
                    LOOP_SPEED: 20
                    MINIMUM_MATCH_SCORE: 0.65
                ::MODULES::
                  TIME:
                    UNIVERSAL: 0
                    MILITARY: 0
                    SECONDS: 0
                    ACCURACY: 0
                ::INPUTS::
                ::OUTPUTS::
20140820152654<<show settings
20140820152654>>::SETTINGS::
                  METRICS:
                    LOOP_SPEED: 20
                    MINIMUM_MATCH_SCORE: 0.65
                ::MODULES::
                  TIME:
                    UNIVERSAL: 0
                    MILITARY: 0
                    SECONDS: 0
                    ACCURACY: 0
                ::INPUTS::
                ::OUTPUTS::
--------------------------------------------------------------------------------
20140820153031>>Welcome back Zack!
20140820153033<<time
20140820153033>>it is currently 3:30 PM
--------------------------------------------------------------------------------
20140820153558>>Welcome back Zack!
--------------------------------------------------------------------------------
--------------------------------------------------------------------------------
--------------------------------------------------------------------------------
--------------------------------------------------------------------------------
--------------------------------------------------------------------------------
--------------------------------------------------------------------------------
--------------------------------------------------------------------------------
--------------------------------------------------------------------------------
20140820160923>>Welcome back Zack!
--------------------------------------------------------------------------------
--------------------------------------------------------------------------------
--------------------------------------------------------------------------------
20140820161926>>Welcome back Zack!
20140820161931<<time
20140820161931>>it is currently 4:19 PM
20140820161938<<settings
20140820161941<<show settings
20140820161941>>::SETTINGS::
                  METRICS:
                    LOOP_SPEED: 20
                    MINIMUM_MATCH_SCORE: 0.65
                ::MODULES::
                  TIME:
                    UNIVERSAL: 0
                    MILITARY: 0
                    SECONDS: 0
                    ACCURACY: 0
                ::INPUTS::
                ::OUTPUTS::
20140820161945<<close
--------------------------------------------------------------------------------
--------------------------------------------------------------------------------
20140825210705>>Welcome back Zack!
20140825210717<<log
20140825210727>>opening the log
20140825210739<<show settngs
20140825210739>>::SETTINGS::
                  METRICS:
                    LOOP_SPEED: 20
                    MINIMUM_MATCH_SCORE: 0.65
                ::MODULES::
                  TIME:
                    UNIVERSAL: 0
                    MILITARY: 0
                    SECONDS: 0
                    ACCURACY: 0
                ::INPUTS::
                ::OUTPUTS::
20140825210919<<time
20140825210919>>it is currently 9:09 PM
20140825210926<<say hello
20140825210933<<how many commands do i have
20140825210933>>there are 19 commands available
20140825210939<<how many modules do i have
20140825210939>>there are 2 modules installed
20140825210947<<how many modules are installed
20140825210947>>there are 2 modules installed
20140825210950<<how many commands do i have
20140825210950>>there are 19 commands available
20140825210953<<how many modules are installed
20140825210953>>there are 2 modules installed
20140825210959<<date
20140825210959>>today is August 25, 2014
20140825211011<<close
--------------------------------------------------------------------------------
20140825211228>>Welcome back Zack!
20140825211234<<cls
20140825211240<<time
20140825211240>>it is currently 9:12 PM
20140825211243<<close
--------------------------------------------------------------------------------
20140825211537<<cls
20140825211537>>Welcome back Zack!
--------------------------------------------------------------------------------
20140825211615>>Welcome back Zack!
20140825211642<<cls
20140825211644<<time
20140825211644>>it is currently 9:16 PM
20140825211648<<close
--------------------------------------------------------------------------------
20140825211726>>Welcome back Zack!
20140825212151<<close
--------------------------------------------------------------------------------
20140825212332>>Welcome back Zack!
--------------------------------------------------------------------------------
--------------------------------------------------------------------------------
20140825213338>>Welcome back Zack!
20140825213342<<cls
20140825213348<<clse
20140825213359<<close
--------------------------------------------------------------------------------
20140825213423>>Welcome back Zack!
20140825213437<<close
--------------------------------------------------------------------------------
20140825213946>>Welcome back Zack!
20140825213948<<time
20140825213948>>it is currently 9:39 PM
20140825213954<<what timezit
20140825213954>>it is currently 9:39 PM
20140825213957<<cloe
--------------------------------------------------------------------------------
20140829172101<<time
20140829172101>>Welcome back Zack!
20140829172105>>it is currently 5:21 PM
20140829172111<<date
20140829172111>>today is August 29, 2014
20140829172122<<close
--------------------------------------------------------------------------------
20140829205720>>Welcome back Zack!
20140829205727<<tim
20140829205727>>it is currently 8:57 PM
20140829205733<<datedfihdsiuber
20140829205735<<dat
20140829205735>>today is August 29, 2014
20140829205740<<close
--------------------------------------------------------------------------------
20140829210252<<time
20140829210252>>Welcome back Zack!
20140829210252>>it is currently 9:02 PM
20140829210309<<what is the sum of 5 and 7?
20140829210315<<close
--------------------------------------------------------------------------------
--------------------------------------------------------------------------------
20140829211030>>Welcome back Zack!
20140829211045<<what is the sum of 5 and 4
--------------------------------------------------------------------------------
20140829211836>>Welcome back Zack!
20140829211857<<time
20140829211858>>it is currently 9:18 PM
--------------------------------------------------------------------------------
--------------------------------------------------------------------------------
20140829212009>>Welcome back Zack!
20140829212012<<time
20140829212012>>it is currently 9:20 PM
20140829212053<<close
--------------------------------------------------------------------------------
--------------------------------------------------------------------------------
20140829212531>>Welcome back Zack!
20140829212537<<time
--------------------------------------------------------------------------------
20140829212727>>Welcome back Zack!
20140829212730<<time
--------------------------------------------------------------------------------
--------------------------------------------------------------------------------
20140829213507>>Welcome back Zack!
20140829213514<<time
--------------------------------------------------------------------------------
20140829213836>>Welcome back Zack!
20140829213843<<time
--------------------------------------------------------------------------------
20140829213941>>Welcome back Zack!
20140829213944<<time
20140829213944>>it is currently 9:39 PM
20140829213957<<what is the sum of 5 and 4
20140829214215<<close
--------------------------------------------------------------------------------
20140829215038>>Welcome back Zack!
20140829215040<<time
20140829215040>>it is currently 9:50 PM
20140829215059<<?time!
20140829215059>>it is currently 9:50 PM
20140829215104<<?date!
20140829215104>>today is August 29, 2014
--------------------------------------------------------------------------------
20140829215421>>Welcome back Zack!
20140829215424<<time
--------------------------------------------------------------------------------
20140829220022>>Welcome back Zack!
20140829220028<<time
--------------------------------------------------------------------------------
20140829220235>>Welcome back Zack!
20140829220237<<time
--------------------------------------------------------------------------------
20140829220339>>Welcome back Zack!
20140829220341<<time
--------------------------------------------------------------------------------
20140829221216>>Welcome back Zack!
20140829221219<<time
--------------------------------------------------------------------------------
20140829221335>>Welcome back Zack!
20140829221337<<time
--------------------------------------------------------------------------------
20140829221616>>Welcome back Zack!
20140829221619<<time
--------------------------------------------------------------------------------
20140829222053>>Welcome back Zack!
20140829222055<<time
20140829222055>>it is currently 10:20 PM
20140829222217<<what is the sum of 4 ad 5
--------------------------------------------------------------------------------
20140829222451>>Welcome back Zack!
20140829222455<<time
20140829222455>>it is currently 10:24 PM
20140829222517<<what is the sum of 5 and 4
--------------------------------------------------------------------------------
--------------------------------------------------------------------------------
20140829222820>>Welcome back Zack!
20140829222823<<time
20140829222823>>it is currently 10:28 PM
20140829222838<<what is the sum of 4 and 5
--------------------------------------------------------------------------------
20140829223029>>Welcome back Zack!
20140829223035<<what is the sum of 4 and 5
--------------------------------------------------------------------------------
20140829223100>>Welcome back Zack!
20140829223105<<what is the sum of 4 ad 5
--------------------------------------------------------------------------------
20140829223319>>Welcome back Zack!
20140829223328<<what is the sum of 4 and 5
--------------------------------------------------------------------------------
20140829223439>>Welcome back Zack!
20140829223444<<what is the sum of 4 and 5
--------------------------------------------------------------------------------
20140829223833>>Welcome back Zack!
20140829223837<<what is the sum of 4 and 5
--------------------------------------------------------------------------------
20140829224541>>Welcome back Zack!
20140829224601<<what is the sum of 4 and 5
--------------------------------------------------------------------------------
20140829224742>>Welcome back Zack!
20140829224751<<what is the sum of 4 and 5
--------------------------------------------------------------------------------
--------------------------------------------------------------------------------
20140829225303>>Welcome back Zack!
20140829225314<<what is the sum of 4 and 5
20140829225325<<time
20140829225325>>it is currently 10:53 PM
20140829225331<<what is the sum of 4 and 5
--------------------------------------------------------------------------------
--------------------------------------------------------------------------------
20140829225634>>Welcome back Zack!
20140829225640<<what is the sum of 4 and 5
--------------------------------------------------------------------------------
20140829225942>>Welcome back Zack!
20140829225948<<what is the sum of 4 and 5
--------------------------------------------------------------------------------
20140829230156>>Welcome back Zack!
20140829230201<<what is the sum of 4 and 5
--------------------------------------------------------------------------------
20140829230526>>Welcome back Zack!
20140829230532<<what is the sum of 4 ad 5
--------------------------------------------------------------------------------
20140829231009>>Welcome back Zack!
20140829231014<<what is the sum of 4 and 5
--------------------------------------------------------------------------------
20140829231428>>Welcome back Zack!
20140829231433<<what is the sum of 4 and 5
20140829231441<<what is the sum of 4 and 5
20140829231452<<close
--------------------------------------------------------------------------------
20140829231540>>Welcome back Zack!
20140829231544<<what is the sum of 4 and 5
--------------------------------------------------------------------------------
20140829231729>>Welcome back Zack!
20140829231740<<what is the sum of 24 and 547 please
--------------------------------------------------------------------------------
20140829231944>>Welcome back Zack!
20140829231954<<what is the sum of 4 and 5 please
20140829232030<<what is the sum of 4 and 5 tell me please
--------------------------------------------------------------------------------
20140909143825>>Welcome back Zack!
20140909143913<<what time is it
20140909143914>>it is currently 2:39 PM
20140909143920<<wha time sit
20140909143920>>it is currently 2:39 PM
20140909143926<<whats date
20140909143926>>today is September 9, 2014
20140909143937<<what commands are loaded
20140909143937>>CORE
                  clear
                  clearLog
                  countCommands
                  countInputs
                  countModules
                  countOutputs
                  enumCommands
                  enumInputs
                  enumModules
                  enumOutputs
                  enumSettings
                  hide
                  log
                  resetSettings
                  revertSettings
                  show
                  terminate
                  add
                TIME
                  date
                  time
20140909143943<<close
--------------------------------------------------------------------------------
--------------------------------------------------------------------------------
20140909144939>>Welcome back Zack!
20140909144943<<tie
--------------------------------------------------------------------------------
20140909145012>>Welcome back Zack!
20140909145016<<what time sit
20140909145016>>it is currently 2:50 PM
20140909145021<<close
--------------------------------------------------------------------------------
20140909145036>>Welcome back Zack!
20140909145038<<what time sit
20140909145038>>it is currently 2:50 PM
20140909145041<<close
--------------------------------------------------------------------------------
20140909232340<<time
20140909232340>>Welcome back Zack!
20140909232341>>it is currently 11:23 PM
20140909232352<<whats date
20140909232352>>today is September 9, 2014
20140909232508<<settings
20140909232508>>::SETTINGS::
                ::MODULES::
                  METRICS:
                    LOOP_SPEED: 20
                    MINIMUM_MATCH_SCORE: 0.65
                    MODULE_SCORE_MT: 1
                    COMMAND_SCORE_MT: 1
                  TIME:
                    UNIVERSAL: 0
                    MILITARY: 0
                    SECONDS: 0
                    ACCURACY: 0
                ::INPUTS::
                ::OUTPUTS::
20140909232521<<log
20140909232522>>opening the log
20140909232719<<close
--------------------------------------------------------------------------------
--------------------------------------------------------------------------------
20140910140612>>Welcome back Zack!
20140910140619<<time
20140910140619>>it is currently 2:06 PM
20140910140624<<what is the dat
20140910140624>>today is September 10, 2014
20140910140635<<whats da tim
20140910140636>>it is currently 2:06 PM
20140910140754<<close
--------------------------------------------------------------------------------
20140910164009>>Welcome back Zack!
20140910164021<<time
--------------------------------------------------------------------------------
20140910164119>>Welcome back Zack!
20140910164122<<time
--------------------------------------------------------------------------------
--------------------------------------------------------------------------------
20140910164302>>Welcome back Zack!
20140910164304<<time
--------------------------------------------------------------------------------
20140911233617>>Welcome back Zack!
20140911233624<<time
--------------------------------------------------------------------------------
--------------------------------------------------------------------------------
20140911234516>>Welcome back Zack!
20140911234525<<time
--------------------------------------------------------------------------------
20140911234806>>Welcome back Zack!
20140911234814<<ttime
--------------------------------------------------------------------------------
20140911235159>>Welcome back Zack!
20140911235203<<time
--------------------------------------------------------------------------------
20140912000139>>Welcome back Zack!
--------------------------------------------------------------------------------
20140912000152>>Welcome back Zack!
20140912000156<<time
20140912000156>>it is currently 12:01 AM
20140912000240<<what is 6 plus 4
--------------------------------------------------------------------------------
20140912000411>>Welcome back Zack!
20140912000419<<what is the sum of 4 and 5
20140912000419>>today is September 12, 2014
--------------------------------------------------------------------------------
20140912000541>>Welcome back Zack!
20140912000546<<what is the sum of 4 and 5
20140912000547>>today is September 12, 2014
--------------------------------------------------------------------------------
20140912001505>>Welcome back Zack!
20140912001525<<What is the sum of 5 and 4?
20140912001526>>today is September 12, 2014
20140912001625<<close
--------------------------------------------------------------------------------
20140912014535>>Welcome back Zack!
20140912014540<<what time is it
20140912014541>>it is currently 1:45 AM
20140912014602<<close
--------------------------------------------------------------------------------
--------------------------------------------------------------------------------
20140912014703>>Welcome back Zack!
20140912014840<<what tiem is it
20140912014840>>it is currently 1:48 AM
20140912014927<<what is 6 plus 8
20140912014949<<what is the sum of 4 and 7
--------------------------------------------------------------------------------
20140912015239>>Welcome back Zack!
20140912015245<<What is the add of 4 ad7
20140912015246>>today is September 12, 2014
20140912015319<<What is the sum of 5 and 9
--------------------------------------------------------------------------------
20140912021118>>Welcome back Zack!
20140912021123<<what tie is it
20140912021123>>it is currently 2:11 AM
20140912021250<<time
20140912021250>>it is currently 2:12 AM
20140912021325<<what is the sum of 5 and 9
--------------------------------------------------------------------------------
20140912021504>>Welcome back Zack!
20140912021517<<what is the sum of 5 and 9
20140912021518>>added
20140912021542<<what is the sum of 5.4512 and 9.1542
20140912021543>>added
--------------------------------------------------------------------------------
20140912021832>>Welcome back Zack!
20140912021913<<what time is it
20140912021913>>it is currently 2:19 AM
20140912021928<<what is the sum of 5 and 9
20140912021929>>added
--------------------------------------------------------------------------------
20140912022113>>Welcome back Zack!
20140912022119<<what is the sum of 4 and 9
20140912022120>>added
--------------------------------------------------------------------------------
20140912022738>>Welcome back Zack!
20140912022753<<what is the sum of 6 and 8
--------------------------------------------------------------------------------
20140912022857>>Welcome back Zack!
20140912022904<<what is the sum of 4 and 9
20140912022924<<time
20140912022924>>it is currently 2:29 AM
20140912022935<<what is the sum of 4 and 9
--------------------------------------------------------------------------------
20140912023022>>Welcome back Zack!
20140912023031<<what is the sum of 5 and 7
--------------------------------------------------------------------------------
20140912023102>>Welcome back Zack!
20140912023107<<what is the sum of 4 and 8
20140912023108>>added
--------------------------------------------------------------------------------
20140912023228>>Welcome back Zack!
20140912023243<<what is the sum of 5 and 7
--------------------------------------------------------------------------------
20140912023610>>Welcome back Zack!
20140912023622<<what is the sum of 4 and 8
--------------------------------------------------------------------------------
20140912023930>>Welcome back Zack!
20140912023935<<what is the sum of 4 and 7
--------------------------------------------------------------------------------
20140912024115>>Welcome back Zack!
20140912024128<<what is the sum of 4 and 8
--------------------------------------------------------------------------------
20140912024424>>Welcome back Zack!
20140912024433<<what is the sum of 4 and 7
--------------------------------------------------------------------------------
--------------------------------------------------------------------------------
20140912024602>>Welcome back Zack!
20140912024608<<what is the sum of 5 and 8
--------------------------------------------------------------------------------
20140912024856>>Welcome back Zack!
20140912024904<<what is the sum of 4 and 8
--------------------------------------------------------------------------------
--------------------------------------------------------------------------------
20140912025923>>Welcome back Zack!
20140912025930<<what is the sum of 4 and 6
--------------------------------------------------------------------------------
20140912030454>>Welcome back Zack!
20140912030459<<what is the sum of 4 and 8
20140912030500>>added
--------------------------------------------------------------------------------
20140912142049>>Welcome back Zack!
20140912142059<<time
20140912142059>>it is currently 2:20 PM
20140912142114<<what is the sum of 4 and 8
20140912142115>>added
--------------------------------------------------------------------------------
20140912145831>>Welcome back Zack!
20140912145849<<what is the sum of 4 and 9
20140912145850>>added
20140912145913<<close
--------------------------------------------------------------------------------
--------------------------------------------------------------------------------
20140912150507>>Welcome back Zack!
20140912150525<<what is the sum of 4 and 8
20140912150526>>added
20140912150549<<what is the sum of 5.7543 ad 8.373
20140912150550>>added
20140912150604<<close
--------------------------------------------------------------------------------
20140912150720>>Welcome back Zack!
20140912150726<<what is the sum of 4 and 8
20140912150727>>12
20140912150743<<what is the sum of 4 and 8.154
20140912150744>>4 + 8.154 is 12.154
--------------------------------------------------------------------------------
20140912150836>>Welcome back Zack!
20140912150841<<What is the sum of 4 and 87
20140912150842>>4 + 87 is 91
20140912150847<<close
--------------------------------------------------------------------------------
20140912151525>>Welcome back Zack!
20140912151532<<what is the sum of 4 and 5
20140912151547<<time
20140912151547>>it is currently 3:15 PM
20140912151552<<sum 4 and 8
20140912151649<<what is the sum of 4 and 5
20140912151653<<what is the sum of 4 and 5
--------------------------------------------------------------------------------
20140912151757>>Welcome back Zack!
20140912151802<<what is the sum of 4 and 8
20140912151848<<what is the sum of 4 and 8
20140912151904<<what is the sum of 4 and 8
20140912151911<<what is 4 plus 8
20140912151911>>4 + 8 is 12
--------------------------------------------------------------------------------
20140912152004>>Welcome back Zack!
20140912152010<<what is the sum of 4 and 9
20140912152012>>bad
--------------------------------------------------------------------------------
20140912154802>>Welcome back Zack!
20140912154810<<what is the sum of 5 and 9
20140912154814>>5 + 9 is 14
20140912154826<<wha is 7 plus 1
20140912154827>>7 + 1 is 8
20140912154830<<close
--------------------------------------------------------------------------------
--------------------------------------------------------------------------------
20140916123241>>Welcome back Zack!
20140916123259<<time
20140916123259>>it is currently 12:32 PM
20140916123304<<what si 34 plus 72
20140916123305>>34 + 72 is 106
20140916123328<<close
--------------------------------------------------------------------------------
20140917183523>>Welcome back Zack!
20140917183550<<what time is it
20140917183551>>it is currently 6:35 PM
20140917183556<<what is the time
20140917183557>>it is currently 6:35 PM
20140917183608<<whats the tie
20140917183609>>it is currently 6:36 PM
20140917183617<<what is the sum of 5 and 8
20140917183621>>5 + 8 is 13
20140917183734<<what is the sum of 5 and 8what isthe date
20140917183743>>5 + 8WHAT ISTHE DATE is 13
20140917183743<<what is the date
20140917183744>>today is September 17, 2014
--------------------------------------------------------------------------------
20140922145243>>Welcome back Zack!
20140922145254<<what time is it
20140922145255>>it is currently 2:52 PM
20140922145306<<what is the sum of 3 and 273
20140922145309>>3 + 273 is 276
20140922145330<<close
--------------------------------------------------------------------------------
20140922150456>>Welcome back Zack!
20140922150505<<what time is it
--------------------------------------------------------------------------------
20140922150741>>Welcome back Zack!
20140922150743<<time
20140922150743>>it is currently 3:07 PM
20140922150748<<what is the sum of 5 and 85
20140922150752>>5 + 85 is 90
20140922150757<<close
--------------------------------------------------------------------------------
20140922150930>>Welcome back Zack!
20140922150931<<time
20140922150932>>it is currently 3:09 PM
20140922150938<<what is the sum of 4 and 5
20140922150940>>4 + 5 is 9
20140922150952<<what is the sum of 4 and 5
20140922150954>>4 + 5 is 9
20140922150956<<time
20140922150956>>it is currently 3:09 PM
20140922151009<<close
--------------------------------------------------------------------------------
20140922151543>>Welcome back Zack!
20140922151548<<what is the sum of 4 and 8
20140922151551>>4 + 8 is 12
--------------------------------------------------------------------------------
20140922151957>>Welcome back Zack!
--------------------------------------------------------------------------------
20140922152107>>Welcome back Zack!
20140922152114<<what is the sum of 4 nd 8
20140922152117>>4 + 8 is 12
--------------------------------------------------------------------------------
20140922152222>>Welcome back Zack!
20140922152227<<what is the sum of 3 and 8
20140922152229>>3 + 8 is 11
20140922152253<<what is the sum of 3 and 8
20140922152255>>3 + 8 is 11
20140922152255<<what is the sum of 3 and 8
20140922152258>>3 + 8 is 11
20140922152318<<close
--------------------------------------------------------------------------------
20140922160644<<time
20140922160644>>Welcome back Zack!
20140922160644>>it is currently 4:06 PM
20140922160655<<what is the time
20140922160656>>it is currently 4:06 PM
20140922160714<<what is the time
20140922160715>>it is currently 4:07 PM
20140922160735<<what is the sum of 5 adn 8
20140922160737>>5 + 8 is 13
20140922161851<<what is the sum of 5 adn 8
20140922161854>>5 + 8 is 13
20140922161902<<what is 5 plus 8
20140922161903>>5 + 8 is 13
--------------------------------------------------------------------------------
20140924132859>>Welcome back Zack!
20140924132902<<time
20140924132903>>it is currently 1:29 PM
20140924132923<<what is the date
20140924132924>>today is September 24, 2014
20140924132949<<what is the sum of 5 and 8
20140924132951>>5 + 8 is 13
20140924133656<<what functions do i have
20140924133703<<enumerate funcions
20140924133709<<enumerate commands
20140924133710>>CORE
                  clear
                  clearLog
                  countCommands
                  countInputs
                  countModules
                  countOutputs
                  enumCommands
                  enumInputs
                  enumModules
                  enumOutputs
                  enumSettings
                  hide
                  log
                  resetSettings
                  revertSettings
                  show
                  terminate
                  add
                TIME
                  date
                  time
20140924133723<<what is 4 plus 7
20140924133724>>4 + 7 is 11
20140924133811<<die
--------------------------------------------------------------------------------
20140924140323<<t
20140924140325>>Welcome back Zack!
20140924140325<<time
20140924140327>>it is currently 2:03 PM
20140924140332<<date
20140924140332>>today is September 24, 2014
20140924140338<<clse
--------------------------------------------------------------------------------
20140924140627>>Welcome back Zack!
20140924140630<<time
20140924140630>>it is currently 2:06 PM
20140924140637<<enumeate outputs
20140924140637>>CONSOLE
                SPEECH
                LOG
                SPEED
--------------------------------------------------------------------------------
20140924141404>>Welcome back Zack!
--------------------------------------------------------------------------------
20140924141758>>Welcome back Zack!
20140924141806<<time
20140924141806>>it is currently 2:18 PM
--------------------------------------------------------------------------------
20140924141850>>Welcome back Zack!
20140924141903<<time
20140924141904>>it is currently 2:19 PM
20140924141907<<date
20140924141908>>today is September 24, 2014
20140924141918<<close
--------------------------------------------------------------------------------
20140924143533>>Welcome back Zack!
20140924143542<<time
20140924143542>>it is currently 2:35 PM
20140924143554<<what is the sum of 4 and 8
20140924143556>>4 + 8 is 12
20140924143605<<close
--------------------------------------------------------------------------------
20140924143914>>Welcome back Zack!
--------------------------------------------------------------------------------
20140924144112>>Welcome back Zack!
20140924144121<<time
20140924144122>>it is currently 2:41 PM
20140924144124<<close
--------------------------------------------------------------------------------
20140924144721>>Welcome back Zack!
20140924144731<<time
20140924144732>>it is currently 2:47 PM
--------------------------------------------------------------------------------
20140924145022>>Welcome back Zack!
20140924145024<<time
20140924145025>>it is currently 2:50 PM
20140924145030<<date
20140924145030>>today is September 24, 2014
20140924145034<<time
20140924145034>>it is currently 2:50 PM
20140924145043<<close
--------------------------------------------------------------------------------
--------------------------------------------------------------------------------
--------------------------------------------------------------------------------
--------------------------------------------------------------------------------
20140929155852>>Welcome back Zack!
20140929155901<<time
20140929155901>>it is currently 3:59 PM
20140929155913<<enumerate settings
20140929155913>>::SETTINGS::
                  METRICS:
                    LOOP_SPEED: 20
                    MINIMUM_MATCH_SCORE: 0.65
                    MODULE_SCORE_MT: 1
                    COMMAND_SCORE_MT: 1
                    MODEL_SCORE_MT: 1
                    MATCH_SCORE_MT: 1
                ::MODULES::
                  METRICS:
                    LOOP_SPEED: 20
                    MINIMUM_MATCH_SCORE: 0.65
                    MODULE_SCORE_MT: 1
                    COMMAND_SCORE_MT: 1
                    MODEL_SCORE_MT: 1
                    MATCH_SCORE_MT: 1
                  TIME:
                    UNIVERSAL: 0
                    MILITARY: 0
                    SECONDS: 0
                    ACCURACY: 0
                  KEYBOARD:
                    ENABLED: 1
                  CONSOLE:
                    ENABLED: 1
                  SPEECH:
                    ENABLED: 1
                  LOG:
                    ENABLED: 1
                  SPEED:
                    ENABLED: 1
                ::INPUTS::
                  KEYBOARD:
                    ENABLED: 1
                ::OUTPUTS::
                  SPEED:
                    ENABLED: 1
                  LOG:
                    ENABLED: 1
                  CONSOLE:
                    ENABLED: 1
                  SPEECH:
                    ENABLED: 1
--------------------------------------------------------------------------------
20140929162039>>Welcome back Zack!
20140929162042<<what time is it
20140929162043>>it is currently 4:20 PM
20140929162046<<close
--------------------------------------------------------------------------------
20140929162326>>Welcome back Zack!
20140929162331<<close
--------------------------------------------------------------------------------
20140930024319>>Welcome back Zack!
--------------------------------------------------------------------------------
--------------------------------------------------------------------------------
--------------------------------------------------------------------------------
20140930030008>>Welcome back Zack!
--------------------------------------------------------------------------------
--------------------------------------------------------------------------------
20140930031351>>Welcome back Zack!
20140930031354<<time
20140930031355>>it is currently 3:13 AM
20140930031358<<close
--------------------------------------------------------------------------------
20141006135717>>Welcome back Zack!
20141006135726<<what is the sum of 7 and 47
20141006135729>>7 + 47 is 54
20141006135735<<what is the sum of 7 and 47
20141006135737>>7 + 47 is 54
20141006135750<<time
20141006135750>>it is currently 1:57 PM
20141006135752<<what is the sum of 7 and 47
20141006135755>>7 + 47 is 54
20141006135801<<close
--------------------------------------------------------------------------------
20141006141223>>Welcome back Zack!
--------------------------------------------------------------------------------
20141006152605>>Welcome back Zack!
20141006153221<<what is the sum of 6 and 574
20141006153237<<time
20141006153237>>it is currently 3:32 PM
20141006153240<<what is the sum of 6 and 574
--------------------------------------------------------------------------------
20141008141007>>Welcome back Zack!
20141008141018<<what is the sum of 4 and 8
20141008141020>>4 + 8 is 12
20141008141025<<close
--------------------------------------------------------------------------------
20141008154933>>Welcome back Zack!
20141008154941<<what s the sum of 6 and 9
20141008154946>>6 + 9 is 15
20141008154957<<what is the sum of 6.343 and 9.24
--------------------------------------------------------------------------------
20141008155121>>Welcome back Zack!
20141008155129<<what is 5.43 plus 4.32
--------------------------------------------------------------------------------
20141008155904>>Welcome back Zack!
20141008155911<<time
20141008155911>>it is currently 3:59 PM
20141008155957<<close
--------------------------------------------------------------------------------
20141008160029>>Welcome back Zack!
20141008160036<<time
20141008160036>>it is currently 4:00 PM
20141008160119<<close
--------------------------------------------------------------------------------
20141008160147>>Welcome back Zack!
20141008160150<<time
20141008160150>>it is currently 4:01 PM
20141008160227<<what is the sum of 4.152 and 6.497
20141008160411<<what is the sum of 4 and 6
20141008160416>>4 + 6 is 10
--------------------------------------------------------------------------------
20141008161008>>Welcome back Zack!
20141008161011<<time
20141008161012>>it is currently 4:10 PM
20141008161025<<what is 5 plus 8
20141008161036<<what is 5 plus 8
20141008161146<<close
--------------------------------------------------------------------------------
20141008164414>>Welcome back Zack!
20141008164416<<what is the sum of 7 and 9
20141008164426>>7 + 9 is 16
--------------------------------------------------------------------------------
20141008164647>>Welcome back Zack!
20141008164653<<what is 7 plus 9
--------------------------------------------------------------------------------
20141008165116>>Welcome back Zack!
20141008165121<<what is 5 plus 7
20141008165124>>5 + 7 is 12
20141008165227<<what is 5.5124 plus 7.1511
20141008165230>>double 5.5124 + 7.1511 is 12.6635
20141008165240<<time
20141008165241>>it is currently 4:52 PM
--------------------------------------------------------------------------------
20141008165431>>Welcome back Zack!
20141008165441<<time
20141008165441>>it is currently 4:54 PM
20141008165449<<what is 9 plus 6
20141008165451>>9 + 6 is 15
20141008165540<<what is 9 plus 6
20141008165542>>9 + 6 is 15
20141008165546<<what is 9 plus 6
20141008165547>>9 + 6 is 15
20141008165556<<what is 9 plus 9
20141008165557>>9 + 9 is 18
20141008165602<<what is 9 plus 6
20141008165603>>9 + 6 is 15
20141008165645<<what is 9 plus 6.1543
20141008165647>>9 + 6.1543 is 15.1543
20141008165730<<close
--------------------------------------------------------------------------------
20141013134326>>Welcome back Zack!
20141013134344<<what is 4 plus 9
20141013134345>>4 + 9 is 13
20141013134414<<what is 4 plus 9.5613
20141013134415>>double 4 + 9.5613 is 13.5613
20141013134429<<what is 4.1245 plus 51.154
20141013134430>>double 4.1245 + 51.154 is 55.2785
20141013134434<<close
--------------------------------------------------------------------------------
20141016233709>>Welcome back Zack!
20141016233725<<time
20141016233725>>it is currently 11:37 PM
20141016233731<<date
20141016233732>>today is October 16, 2014
20141016233739<<time
20141016233740>>it is currently 11:37 PM
20141016233741<<time
20141016233743>>it is currently 11:37 PM
20141016233746<<date
20141016233746>>today is October 16, 2014
20141016233820<<time
20141016233820>>it is currently 11:38 PM
20141016233831<<what is the sum of 4 and 5
20141016233835>>4 + 5 is 9
--------------------------------------------------------------------------------
20141016234349>>Welcome back Zack!
20141016234353<<time
20141016234356>>it is currently 11:43 PM
20141016234358<<date
20141016234359>>today is October 16, 2014
20141016234402<<time
20141016234403>>it is currently 11:44 PM
20141016234411<<what is the sum of 4 and 8
20141016234416>>4 + 8 is 12
20141016234419<<close
--------------------------------------------------------------------------------
20141016234458>>Welcome back Zack!
20141016234502<<time
20141016234502>>it is currently 11:45 PM
20141016234505<<date
20141016234506>>today is October 16, 2014
20141016234509<<time
20141016234510>>it is currently 11:45 PM
20141016234513<<date
20141016234513>>today is October 16, 2014
20141016234517<<time
20141016234517>>it is currently 11:45 PM
20141016234523<<what is the sum f 4 and 8
20141016234527>>4 + 8 is 12
20141016234530<<what is the sum f 4 and 8
20141016234535>>4 + 8 is 12
20141016234548<<close
--------------------------------------------------------------------------------
20141016235400>>Welcome back Zack!
20141016235412<<time
20141016235412>>it is currently 11:54 PM
20141016235415<<date
20141016235415>>today is October 16, 2014
20141016235418<<time
20141016235419>>it is currently 11:54 PM
20141016235422<<time
20141016235422>>it is currently 11:54 PM
20141016235426<<date
20141016235426>>today is October 16, 2014
--------------------------------------------------------------------------------
20141016235734>>Welcome back Zack!
20141016235737<<time
20141016235737>>it is currently 11:57 PM
20141016235741<<date
20141016235742>>today is October 16, 2014
--------------------------------------------------------------------------------
20141017000203>>Welcome back Zack!
20141017000205<<time
20141017000205>>it is currently 12:02 AM
20141017000209<<time
20141017000209>>it is currently 12:02 AM
20141017000212<<time
20141017000212>>it is currently 12:02 AM
--------------------------------------------------------------------------------
20141017000457>>Welcome back Zack!
20141017000459<<time
20141017000500>>it is currently 12:05 AM
20141017000503<<time
20141017000503>>it is currently 12:05 AM
20141017000506<<time
20141017000506>>it is currently 12:05 AM
20141017000509<<time
20141017000509>>it is currently 12:05 AM
20141017000513<<date
20141017000513>>today is October 17, 2014
20141017000516<<date
20141017000517>>today is October 17, 2014
20141017000524<<what is 5 plus 6
20141017000526>>5 + 6 is 11
20141017000535<<close
--------------------------------------------------------------------------------
20141017000554>>Welcome back Zack!
20141017000556<<time
20141017000556>>it is currently 12:05 AM
20141017000558<<time
20141017000559>>it is currently 12:05 AM
20141017000601<<time
20141017000602>>it is currently 12:06 AM
20141017000604<<time
20141017000604>>it is currently 12:06 AM
20141017000606<<time
20141017000607>>it is currently 12:06 AM
20141017000610<<time
20141017000610>>it is currently 12:06 AM
20141017000618<<what is 5 plus 7
20141017000619>>5 + 7 is 12
20141017000628<<what is the sum of 5 and 8
20141017000632>>5 + 8 is 13
20141017000635<<what is the sum of 5 and 8
20141017000639>>5 + 8 is 13
--------------------------------------------------------------------------------
20141017001213>>Welcome back Zack!
20141017001216<<time
20141017001218>>it is currently 12:12 AM
20141017002056<<what is the sum of 4 and 6
20141017002101>>4 + 6 is 10
20141017002154<<close
--------------------------------------------------------------------------------
20141017005746>>Welcome back Zack!
20141017005752<<time
--------------------------------------------------------------------------------
20141017010015>>Welcome back Zack!
20141017010112<<time
--------------------------------------------------------------------------------
20141017013607>>Welcome back Zack!
20141017013611<<time
--------------------------------------------------------------------------------
20141017014053>>Welcome back Zack!
20141017014103<<date
--------------------------------------------------------------------------------
20141017014324>>Welcome back Zack!
20141017014330<<time
20141017014330>>it is currently 1:43 AM
20141017014334<<date
20141017014335>>today is October 17, 2014
20141017014340<<what is the sum of 4 and 6
20141017014352>>4 + 6 is 10
20141017014356<<what is the sum of 4 and 6
20141017014407>>4 + 6 is 10
20141017014422<<what is 4 plus 5
20141017014424>>4 + 5 is 9
20141017014427<<what is 4 plus 5
20141017014429>>4 + 5 is 9
--------------------------------------------------------------------------------
20141017014559>>Welcome back Zack!
20141017014603<<time
20141017014603>>it is currently 1:46 AM
20141017014610<<what is the sum of 5 and 3
20141017014615>>5 + 3 is 8
--------------------------------------------------------------------------------
20141017014648>>Welcome back Zack!
20141017014652<<time
--------------------------------------------------------------------------------
20141017014818>>Welcome back Zack!
20141017014821<<time
--------------------------------------------------------------------------------
20141017015006>>Welcome back Zack!
20141017015009<<time
--------------------------------------------------------------------------------
20141017015351>>Welcome back Zack!
20141017015408<<time
--------------------------------------------------------------------------------
20141017015706>>Welcome back Zack!
20141017015712<<time
--------------------------------------------------------------------------------
20141017015948>>Welcome back Zack!
20141017015950<<time
20141017015950>>it is currently 1:59 AM
20141017015957<<what is 4 lpus 6
20141017020000>>4 + 6 is 10
--------------------------------------------------------------------------------
20141017020459>>Welcome back Zack!
20141017020551<<time
20141017020551>>it is currently 2:05 AM
20141017020556<<date
20141017020556>>today is October 17, 2014
20141017020604<<what is 5 plus 7
20141017020606>>5 + 7 is 12
20141017020615<<what is the sum of 4 and 8
20141017020620>>4 + 8 is 12
20141017020623<<close
--------------------------------------------------------------------------------
20141017021126>>Welcome back Zack!
20141017021130<<close
--------------------------------------------------------------------------------
20141022135835>>Welcome back Zack!
20141022135856<<time
20141022135908<<time
20141022135913<<what is 4 plus 6
--------------------------------------------------------------------------------
20141022140049>>Welcome back Zack!
20141022140052<<time
20141022140052>>it is currently 2:00 PM
20141022140056<<date
20141022140056>>today is October 22, 2014
20141022140102<<what is 4 plus 6
--------------------------------------------------------------------------------
20141022140241>>Welcome back Zack!
20141022140246<<what is 4 plus 5
20141022140247>>4 + 5 is 9
20141022140256<<what is the sum of 42 and 6
20141022140300>>42 + 6 is 48
--------------------------------------------------------------------------------
20141101211209>>Welcome back Zack!
20141101211234<<time
20141101211234>>it is currently 9:12 PM
20141101211319<<what is the time
20141101211319>>it is currently 9:13 PM
20141101211351<<what is 4 plus 3
20141101211352>>4 + 3 is 7
20141101211419<<what is the sum of 3 and 8
20141101211423>>3 + 8 is 11
20141101212715<<close
--------------------------------------------------------------------------------
20141101212958>>Welcome back Zack!
20141101213004<<what time is it
20141101213004>>it is currently 9:30 PM
20141101213011<<what is the sum of 2 and 5
20141101213014>>2 + 5 is 7
20141101213055<<close
--------------------------------------------------------------------------------
20141101214506>>Welcome back Zack!
20141101214508<<time
20141101214508>>it is currently 9:45 PM
20141101214554<<what tim is it
20141101214555>>it is currently 9:45 PM
20141101214817<<what is the sum of 3 and 8
20141101214819>>3 + 8 is 11
20141101214847<<close
--------------------------------------------------------------------------------
20141116203411>>Welcome back Zack!
20141116203430<<time
--------------------------------------------------------------------------------
20141116203505>>Welcome back Zack!
20141116203528<<time
--------------------------------------------------------------------------------
20141116203731>>Welcome back Zack!
20141116203735<<time
--------------------------------------------------------------------------------
20141116204117>>Welcome back Zack!
20141116204121<<time
--------------------------------------------------------------------------------
20141116204245>>Welcome back Zack!
--------------------------------------------------------------------------------
20141116204358>>Welcome back Zack!
--------------------------------------------------------------------------------
20141116204551>>Welcome back Zack!
--------------------------------------------------------------------------------
20141116205353>>Welcome back Zack!
--------------------------------------------------------------------------------
20141116205451>>Welcome back Zack!
--------------------------------------------------------------------------------
20141116211100>>Welcome back Zack!
20141116211117<<time
--------------------------------------------------------------------------------
20141116211336>>Welcome back Zack!
20141116211338<<time
--------------------------------------------------------------------------------
20141116211419>>Welcome back Zack!
20141116211420<<time
20141116211427<<time
20141116211429<<close
--------------------------------------------------------------------------------
20141116211535>>Welcome back Zack!
20141116211541<<time
--------------------------------------------------------------------------------
20141116211846>>Welcome back Zack!
20141116211906<<time
--------------------------------------------------------------------------------
20141116212617>>Welcome back Zack!
20141116212622<<time
20141116212624>>hiding the console
--------------------------------------------------------------------------------
20141116213522>>Welcome back Zack!
20141116213539<<time
20141116213539>>it is currently 9:35 PM
20141116213559<<what is the sum of 3 and 8
--------------------------------------------------------------------------------
20141116214650>>Welcome back Zack!
20141116214701<<what is the sum of 4 and 8
--------------------------------------------------------------------------------
20141116214756>>Welcome back Zack!
20141116214758<<time
20141116214759>>it is currently 9:47 PM
20141116214840<<what is 4 plus 7
20141116214841>>it is currently 9:48 PM
--------------------------------------------------------------------------------
20141116215556>>Welcome back Zack!
20141116215605<<what is 3 plus 6
20141116215605>>it is currently 9:56 PM
--------------------------------------------------------------------------------
20141116215830>>Welcome back Zack!
20141116215834<<what is 2 plaus 6
20141116215835>>it is currently 9:58 PM
--------------------------------------------------------------------------------
20141116220105>>Welcome back Zack!
20141116220121<<what is 5 plus 3
20141116220121>>% + % is -1.85119e+062
--------------------------------------------------------------------------------
20141116220300>>Welcome back Zack!
20141116220332<<what is 4 plus 9
20141116220332>>4 + 4 is 8
20141116220433<<close
--------------------------------------------------------------------------------
20141116221346>>Welcome back Zack!
20141116221355<<what is the sum of 2 and 9
20141116221356>>2 + 9 is 11
--------------------------------------------------------------------------------
20141116221522>>Welcome back Zack!
20141116221530<<what is the sum of 3 and 01332
20141116221531>>3 + 01332 is 1335
--------------------------------------------------------------------------------
20141116222749>>Welcome back Zack!
20141116222752<<time
--------------------------------------------------------------------------------
20141116222843>>Welcome back Zack!
20141116222849<<what is 2 plsu 8
--------------------------------------------------------------------------------
20141116223046>>Welcome back Zack!
20141116223051<<what is 2 plus 8
20141116223051>>2 + 8 is 10
20141116223101<<whats 2 pus 173
20141116223102>>2 + 173 is 175
20141116223106<<time
20141116223106>>it is currently 10:31 PM
20141116223116<<wha ts the date
20141116223116>>today is November 16, 2014
20141116223141<<wh t is the sumof 789456 and 264965
20141116223141>>789456 + 264965 is 1.05442e+006
--------------------------------------------------------------------------------
20141116223841>>Welcome back Zack!
20141116223853<<what isthe sum off 487 and 1234
20141116223853>>487 + 1234 is 1721
20141116224048<<close
--------------------------------------------------------------------------------
20141116224107>>Welcome back Zack!
20141116224112<<what is the sum of 2 and 1
--------------------------------------------------------------------------------
20141116224131>>Welcome back Zack!
20141116224149<<what is the sum o 2 and 1
20141116224150>>2 + 1 is 3
--------------------------------------------------------------------------------
20141116224515>>Welcome back Zack!
20141116224530<<what isthe sum o 2 and 1
20141116224530>>2 + 1 is 3
20141116224608<<time
20141116224608>>it is currently 10:46 PM
20141116224616<<what is -189415 plus 56
20141116224616>>-189415 + 56 is -189359
20141116224627<<close
--------------------------------------------------------------------------------
20141116224829>>Welcome back Zack!
20141116224835<<what is 4 plus 23
20141116224836>>4 + 23 is 27
--------------------------------------------------------------------------------
20141116225106>>Welcome back Zack!
20141116225108<<time
20141116225109>>it is currently 10:51 PM
20141116225118<<what is 31 plus 82
20141116225118>>31 + 82 is 113
20141116225125<<what is the sum of 23 and1
20141116225126>>23 +  is -9.25596e+061
20141116225140<<what is the sum of 23 and 1
20141116225140>>23 + 1 is 24
20141116225144<<what is the sum of 23 and 1
20141116225144>>23 + 1 is 24
20141116225145<<what is the sum of 23 and 1
20141116225146>>23 + 1 is 24
20141116225147<<what is the sum of 23 and 1
20141116225149>>23 + 1 is 24
20141116225152<<what is the sum of 23 and 1
20141116225152>>23 + 1 is 24
20141116225157<<date
20141116225157>>today is November 16, 2014
20141116225201<<close
--------------------------------------------------------------------------------
20141116225229>>Welcome back Zack!
20141116225233<<what is the sum of 24 and 235
20141116225234>>24 + 235 is 259
20141116225238<<time
20141116225238>>it is currently 10:52 PM
20141116225245<<what is 91 plus 1
20141116225245>>91 + 1 is 92
20141116225255<<date
20141116225255>>today is November 16, 2014
20141116225258<<time
20141116225258>>it is currently 10:52 PM
20141116225301<<close
--------------------------------------------------------------------------------
20141119005606>>Welcome back Zack!
20141119005635<<time
20141119005635>>it is currently 12:56 AM
20141119005648<<date
20141119005649>>today is November 19, 2014
20141119005703<<what is the sum of 4 and 123
20141119005704>>4 + 123 is 127
20141119005850<<close
--------------------------------------------------------------------------------
20141119010113>>Welcome back Zack!
20141119010152<<what is the sdabdsa
20141119010152>>today is November 19, 2014
20141119010358<<whats is the det
20141119010358>>today is November 19, 2014
20141119010754<<wats is te dte
20141119010754>>today is November 19, 2014
20141119010758<<wats is te det
20141119010759>>today is November 19, 2014
20141119010959<<wats is te detclose
--------------------------------------------------------------------------------
20141119013757>>Welcome back Zack!
20141119013803<<time
20141119013803>>it is currently 1:38 AM
20141119013835<<what is 4 plus 9
20141119013835>>4 + 9 is 13
20141119013840<<what is 4 plus 9
20141119013840>>4 + 9 is 13
20141119013843<<what is 4 plus 9
20141119013843>>4 + 9 is 13
20141119013844<<what is 4 plus 9
20141119013844>>4 + 9 is 13
20141119014022<<whats te gdses
20141119014130<<whats te gdse
20141119014134<<whats te gds
20141119014136<<whats te gd
20141119014140<<whats te g
20141119014143<<whats te d
20141119014143>>today is November 19, 2014
20141119014225<<close
--------------------------------------------------------------------------------
20141119024857>>Welcome back Zack!
20141119024910<<cose
--------------------------------------------------------------------------------
20141212120736>>Welcome back Zack!
20141212120746<<time
20141212120747>>it is currently 12:07 PM
20141212120749<<close
--------------------------------------------------------------------------------
20141212121258>>Welcome back Zack!
20141212121303<<date
20141212121303>>today is December 12, 2014
20141212121309<<close
--------------------------------------------------------------------------------
20141216012232>>Welcome back Zack!
20141216012241<<close
--------------------------------------------------------------------------------
20141221182422>>Welcome back Zack!
20141221182437<<time
20141221182437>>it is currently 6:24 PM
20141221182505<<close
--------------------------------------------------------------------------------
20141221183052>>Welcome back Zack!
20141221183111<<date
20141221183111>>today is December 21, 2014
--------------------------------------------------------------------------------
20141221183128>>Welcome back Zack!
20141221183223<<time
20141221183223>>it is currently 6:32 PM
20141221183227<<sate
--------------------------------------------------------------------------------
20141221183407>>Welcome back Zack!
20141221183427<<time
20141221183428>>it is currently 6:34 PM
20141221183433<<close
--------------------------------------------------------------------------------
20141221183550>>Welcome back Zack!
20141221183559<<time
20141221183600>>it is currently 6:36 PM
20141221183608<<close
--------------------------------------------------------------------------------
20141222013521>>Welcome back Zack!
20141222013527<<close
--------------------------------------------------------------------------------
20141225221136>>Welcome back Zack!
--------------------------------------------------------------------------------
20141227152051>>Welcome back Zack!
20141227152056<<time
20141227152056>>it is currently 3:20 PM
20141227152304<<dat
20141227152304>>today is December 27, 2014
20141227152310<<time
20141227152310>>it is currently 3:23 PM
20141227152522<<date
20141227152522>>today is December 27, 2014
20141227152731<<time
20141227152731>>it is currently 3:27 PM
20141227155035<<close
--------------------------------------------------------------------------------
20141229105727>>Welcome back Zack!
--------------------------------------------------------------------------------
20141229110536>>Welcome back Zack!
20141229110548<<Among them unless you find your
20141229110600<<FASW
20141229110604<<5
--------------------------------------------------------------------------------
20141229112149>>Welcome back Zack!
20141229112225<<close
--------------------------------------------------------------------------------
20141229125617>>Welcome back Zack!
20141229125632<<Fill a fan
20141229125640<<or more
20141229125645<<fish
20141229125647<<fact
20141229125650<<that the
20141229125657<<if he's been noted for the
20141229125701<<one who
20141229125705<<are will
20141229125707<<have a
20141229125710<<more
20141229125721<<fair for
20141229125729<<anyone who has known as
20141229125734<<the snow fell in a small
20141229125737<<$50.00 and cents the use of the reverse of
20141229125737>>00 + CENTS THE USE OF THE REVERSE OF is -9.25596e+061
20141229125746<<these efforts in developing our live over while I have some FASW
20141229125747<<and
--------------------------------------------------------------------------------
20141230203435>>Welcome back Zack!
20141230203439<<View the
20141230203443<<fashion if
20141230203447<<Joshua
20141230203455<<enough to allow the mayor of an
20141230203458<<if and when he
20141230203458>> + WHEN HE is -1.85119e+062
20141230203500<<close
--------------------------------------------------------------------------------
20141230204045>>Welcome back Zack!
20141230204048<<I have a
20141230204110<<more
20141230204118<<fat than an a and
--------------------------------------------------------------------------------
20141230205302>>Welcome back Zack!
20141230205310<<Computer
20141230205320<<what time is up
20141230205320>>it is currently 8:53 PM
20141230205334<<what's the day
20141230205334>>today is December 30, 2014
20141230205345<<)
20141230205350<<jars to me
20141230205413<<close
--------------------------------------------------------------------------------
20141230205852>>Welcome back Zack!
20141230205900<<Unless you have your
20141230205903<<own at
20141230205917<<computer
20141230205936<<what time is up
20141230205936>>it is currently 8:59 PM
20141230205957<<to it
20141230210022<<or if
--------------------------------------------------------------------------------
20141230210046>>Welcome back Zack!
20141230210048<<Computer
20141230210055<<to naptha
20141230210121<<testing
20141230210310<<what time is the
20141230210310>>it is currently 9:03 PM
20141230210317<<computer
20141230210319<<what time
20141230210332<<will
20141230210656<<test and
20141230210700<<the times and
20141230210707<<computer
20141230210709<<what time is a
20141230210709>>it is currently 9:07 PM
20141230210715<<charming
20141230210718<<terminate
--------------------------------------------------------------------------------
20141230212442>>Welcome back Zack!
20141230212447<<I have a more
20141230212453<<festive a model of a
20141230212457<<fan
20141230212505<<fair for
20141230212511<<feelings known the
20141230212512<<fall
20141230212517<<for
20141230212519<<a
20141230212529<<fifth of the sun so time is of
20141230212536<<a lack of
20141230212537<<a
20141230212541<<math
20141230212549<<owners
20141230212554<<for a
20141230212601<<tough
20141230212603<<for
20141230212610<<computer
20141230212616<<what time is up
--------------------------------------------------------------------------------
20141230212805>>Welcome back Zack!
20141230212809<<Computer
20141230212818<<what time is up
20141230212818>>it is currently 9:28 PM
20141230212829<<open
20141230212837<<in it
20141230212849<<enet
20141230212904<<whats te dat
20141230212904>>today is December 30, 2014
20141230212924<<what is to water 53 plus 26
20141230212924>>TO WATER 53 + 26 is -9.25596e+061
--------------------------------------------------------------------------------
20141231005012>>Welcome back Zack!
20141231005031<<what is word 542 plus 235
20141231005031>>WORD 542 + 235 is -9.25596e+061
20141231005035<<If
20141231005051<<for
20141231005111<<the
20141231005216<<law
20141231005316<<and
--------------------------------------------------------------------------------
20141231013619>>Welcome back Zack!
20141231013628<<what is word 513 plus 352
20141231013628>>WORD 513 + 352 is -9.25596e+061
--------------------------------------------------------------------------------
20141231014404>>Welcome back Zack!
20141231014414<<The
20141231014415<<what is word 513 plus 342
20141231014415>>WORD 513 + 342 is -9.25596e+061
20141231014444<<man he
20141231014610<<then
20141231014651<<the
20141231014658<<what is word 513 plus 342
20141231014658>>WORD 513 + 342 is -9.25596e+061
20141231014817<<guy
20141231014841<<in the
20141231014903<<dish
20141231014958<<for
--------------------------------------------------------------------------------
20141231015427>>Welcome back Zack!
20141231015430<<And
--------------------------------------------------------------------------------
20141231015503>>Welcome back Zack!
20141231015513<<It
20141231015513<<what is word 342 plus 3245
20141231015513>>WORD 342 + 3245 is -9.25596e+061
20141231015531<<close
--------------------------------------------------------------------------------
20141231015650>>Welcome back Zack!
20141231015658<<what is word 23542 plus 824
20141231015659>>WORD 23542 + 824 is -9.25596e+061
20141231015710<<close
--------------------------------------------------------------------------------
20141231015918>>Welcome back Zack!
20141231015924<<what is word 2425 plus 356
20141231015925>>WORD 2425 + 356 is -9.25596e+061
--------------------------------------------------------------------------------
20141231020407>>Welcome back Zack!
20141231020415<<what is word 2983 plus 231
20141231020416>>WORD 2983 + 231 is -9.25596e+061
--------------------------------------------------------------------------------
20141231022254>>Welcome back Zack!
20141231022300<<When the
20141231022305<<what is word 83 plus 363
20141231022305>>WORD 83 + 363 is -9.25596e+061
20141231022307<<army
20141231022332<<what is word 83 plus 363
20141231022332>>WORD 83 + 363 is -9.25596e+061
20141231022412<<for
20141231022424<<one
20141231022427<<full
20141231022432<<way
20141231022450<<the
20141231022534<<query
20141231022622<<for
20141231022626<<more
20141231022629<<than
20141231022636<<one
--------------------------------------------------------------------------------
20141231023031>>Welcome back Zack!
20141231023038<<what is word 83 plus 924
20141231023038>>WORD 83 + 924 is -9.25596e+061
20141231023043<<The
--------------------------------------------------------------------------------
20141231023334>>Welcome back Zack!
20141231023340<<what is word 83 plus 249
20141231023340>>WORD 83 + 249 is -9.25596e+061
20141231023345<<He
20141231023348<<fought
20141231023352<<off the
--------------------------------------------------------------------------------
20141231023450>>Welcome back Zack!
20141231023457<<what is word 83 plus 242
20141231023457>>WORD 83 + 242 is -9.25596e+061
20141231023507<<He
20141231023510<<has the
20141231023555<<eighth to 50
20141231023738<<in
20141231023750<<from the
---------------------------------------------------------------------------------------------------------------------------------------------------
20150510222406>>Welcome back Zack!
20150510222408<<time
20150510222408>>it is currently 10:24 PM
20150510222409<<For
--------------------------------------------------------------------------------
20150510222455>>Welcome back Zack!
20150510222504<<For
20150510222511<<five
20150510222519<<terminate
--------------------------------------------------------------------------------
20150510222602>>Welcome back Zack!
20150510222604<<time
20150510222604>>it is currently 10:26 PM
20150510222607<<date
20150510222608>>today is May 10, 2015
20150510222613<<time
20150510222613>>it is currently 10:26 PM
20150510222616<<close
--------------------------------------------------------------------------------
20150510223106>>Welcome back Zack!
20150510223109<<time
20150510223109>>it is currently 10:31 PM
20150510223112<<close
--------------------------------------------------------------------------------
20150717184622>>Welcome back Zack!
20150717184625<<As
20150717184644<<hello
20150717184646<<computer
--------------------------------------------------------------------------------
20150717185101>>Welcome back Zack!
20150717185122<<what time is it
20150717185122>>it is currently 6:51 PM
20150717185131<<One feature of the one he has said he has hurt the most is the
20150717185135<<size of each is
20150717185146<<used for years as a
20150717185153<<mix of uses fulminated to the city of
20150717185158<<the second version for computer
20150717185158<<computer
20150717185159<<listen
20150717185202<<computer
20150717185204<<what time is of
20150717185204>>it is currently 6:52 PM
20150717185209<<what is the date
20150717185209>>today is July 17, 2015
20150717185217<<what's 25 times 63
20150717185230<<months of his money was from 510 plus 43
20150717185234<<students were
20150717185235<<computer
20150717185239<<was 510 plus 43
20150717185239>>510 + 43 is 553
20150717185303<<decimal them have never leave the more convincing as well as long as my mind that if you have the sense this was smarter than the first rules and attention would actually intelligent
20150717185303<<so
20150717185308<<they actually get some information in a
20150717185321<<way to get this information from doing what I hadn't known as June 8, '31
20150717185329<<hwbdiwef
20150717185334<<concedes it's billed it modularly so there's different models can still strike now has two republicans repeatedly with vinegar talk
20150717185337<<and that it takes up a command that you have some
20150717185342<<analysts like if you say something it tested against Goldman said nodes in whichever one matches the best
20150717185347<<bit image has been enough it seems that switching the
20150717185354<<whats 13 lpus 104
20150717185354>>13 + 104 is 117
20150717185401<<worst is the least edgy of the bits at a specific plan that if you are making a difference, 13 of his lawyer for someone to be a variable to do
20150717185414<<a Tek two for his solid a severe and others to inputs into outputs
20150717185421<<the crystal Moore as this one made without CBS morning news if you want to become official inputs and
20150717185422<<then
20150717185426<<in the business from an open oven and it's been a lot of the next one
20150717185426<<to one
20150717185427<<said
20150717185442<<one of them making us and them in a movie set so anyone can add new models to its of the one using somewhere with lasers thickens: put the two teks liters an individual right after this program and
20150717185450<<recognize it as input and producing for the relief help with that special someone to swim likes clear solvent
20150717185452<<off as much
20150717185454<<close
--------------------------------------------------------------------------------
20151005001515>>Welcome back Zack!
20151005001600<<hello
20151005001609<<time
20151005001609>>it is currently 12:16 AM
20151005001623<<what time is it
20151005001623>>it is currently 12:16 AM
20151005001644<<whas te tim
20151005001652<<whats te tim
20151005001652>>it is currently 12:16 AM
20151005001709<<date
20151005001709>>today is October 5, 2015
20151005001713<<dat
20151005001713>>today is October 5, 2015
--------------------------------------------------------------------------------
20151011195842>>Welcome back Zack!
20151011195855<<what time is it
20151011195855>>it is currently 7:58 PM
20151011195900<<date
20151011195900>>today is October 11, 2015
20151011195917<<This means that if those ability to present which is brilliant move on in need in this, again how the previous one
20151011195918<<whas te tim
20151011195920<<became one
20151011195923<<whas te time
20151011195923<<of its Asian bistro
20151011195927<<computer
20151011195930<<what time is of
20151011195930>>it is currently 7:59 PM
20151011195944<<FASI her what time is of this only one to a certain level 30 by the way in making this man and
--------------------------------------------------------------------------------
20160509201359>>Welcome back Zack!
20160509201412<<what timesit
--------------------------------------------------------------------------------
20160509201843>>Welcome back Zack!
--------------------------------------------------------------------------------
20160509202010>>Welcome back Zack!
20160509202017<<If
20160509202042<<what tim sit
--------------------------------------------------------------------------------
20160509202150>>Welcome back Zack!
20160509202158<<For
20160509202221<<what 6 plu 9 s
--------------------------------------------------------------------------------
20160509202348>>Welcome back Zack!
20160509202356<<sum 4 a 9
20160509202537<<sum 4 a 9
--------------------------------------------------------------------------------
>>Welcome back Zack!
