--------------------------------------------------------------------------------
20150204003622>>Welcome back sean!
20150204003627<<hi
20150204003643<<The woman was acting, are you ask is for a song you own order if and when she began with some ways –
20150204003653<<when you release the air that has evolved from genre among businesses money also would be different
20150204003656<<is not a member of the
20150204003700<<one time as it
20150204003700>>it is currently 12:37 AM
20150204003704<<on
20150204003706<<was the big
20150204003709<<ones because it
20150204003718<<for you in beauty is the author of what is the B
20150204003728<<was often a matter of days and also slight reduction
20150204003728<<what is the date
20150204003728>>today is February 4, 2015
20150204003738<<how many modules are installed
20150204003738>>there are 2 modules installed
20150204003740<<last bit of some might find
20150204003751<<individuals, I know you were using others say more than is shown in
20150204003751<<Germany
20150204003753<<since
20150204003757<<terminate
--------------------------------------------------------------------------------
20150204003908>>Welcome back sean!
