20140330230426>>clearing the log
20140330230430<<show the log
20140330230430>>opening the log
--------------------------------------------------------------------------------
20140331195553<<time
20140331195553>>7:55:53
20140331195556<<clear
20140331195558<<close
--------------------------------------------------------------------------------
20140331205125<<time
20140331205125>>8:51:25
20140331205127<<close
--------------------------------------------------------------------------------
20140331205415<<time
20140331205415>>8:54:15
--------------------------------------------------------------------------------
20140331205626<<time
20140331205626>>8:56:26
--------------------------------------------------------------------------------
--------------------------------------------------------------------------------
--------------------------------------------------------------------------------
--------------------------------------------------------------------------------
--------------------------------------------------------------------------------
--------------------------------------------------------------------------------
20140331222436<<time
20140331222436>>10:24:36
20140331222439<<cloaw
20140331222440<<close
--------------------------------------------------------------------------------
--------------------------------------------------------------------------------
20140331225253<<time
20140331225253>>10:52:53
20140331225255<<close
--------------------------------------------------------------------------------
20140401202825<<time
20140401202825>>8:28:25
--------------------------------------------------------------------------------
